
 ============================>     TALLY 1     <============================

 Total Material
   Flux                                 45.6663        +/- 8.80288E-03

 ============================>     TALLY 2     <============================

 Total Material
   Nu-Fission Rate                      1.26181        +/- 6.12106E-04

 ============================>     TALLY 3     <============================

 Total Material
   Delayed-Nu-Fission Rate              8.94453E-03    +/- 4.04830E-06

 ============================>     TALLY 4     <============================

 Total Material
   Fission Rate                         0.513219       +/- 2.50906E-04

 ============================>     TALLY 5     <============================

 Total Material
   Absorption Rate                      1.00180        +/- 4.08326E-04

 ============================>     TALLY 6     <============================

 Total Material
   Scattering Rate                      28.3178        +/- 5.95436E-03

 ============================>     TALLY 7     <============================

 Total Material
   Total Reaction Rate                  29.3196        +/- 6.26388E-03

 ============================>     TALLY 8     <============================

 Total Material
   Delayed-Nu-Fission Rate              8.94453E-03    +/- 4.04830E-06
