
 ============================>     TALLY 1     <============================

 Cell 1
   Total Material
     Flux                                 46.5121        +/- 1.02981E-02

 ============================>     TALLY 2     <============================

 Cell 1
   Total Material
     Nu-Fission Rate                      1.29545        +/- 6.77359E-04

 ============================>     TALLY 3     <============================

 Cell 1
   Total Material
     Delayed-Nu-Fission Rate              9.15835E-03    +/- 4.46167E-06

 ============================>     TALLY 4     <============================

 Cell 1
   Total Material
     Fission Rate                         0.526995       +/- 2.77877E-04

 ============================>     TALLY 5     <============================

 Cell 1
   Total Material
     Absorption Rate                      1.00188        +/- 4.34804E-04

 ============================>     TALLY 6     <============================

 Cell 1
   Total Material
     Scattering Rate                      31.8304        +/- 8.61290E-03

 ============================>     TALLY 7     <============================

 Cell 1
   Total Material
     Total Reaction Rate                  32.8323        +/- 8.96590E-03

 ============================>     TALLY 8     <============================

 Delayed Group 1
   Total Material
     Delayed-Nu-Fission Rate              2.65238E-04    +/- 1.40824E-07
 Delayed Group 2
   Total Material
     Delayed-Nu-Fission Rate              1.45796E-03    +/- 7.36344E-07
 Delayed Group 3
   Total Material
     Delayed-Nu-Fission Rate              1.43462E-03    +/- 7.15562E-07
 Delayed Group 4
   Total Material
     Delayed-Nu-Fission Rate              4.19965E-03    +/- 2.04970E-06
 Delayed Group 5
   Total Material
     Delayed-Nu-Fission Rate              1.35014E-03    +/- 6.15735E-07
 Delayed Group 6
   Total Material
     Delayed-Nu-Fission Rate              4.50745E-04    +/- 2.12997E-07
