
 ============================>     TALLY 1     <============================

 Cell 1
   Total Material
     Flux                                 64.9018        +/- 1.33778E-02

 ============================>     TALLY 2     <============================

 Cell 1
   Total Material
     Nu-Fission Rate                      0.997313       +/- 5.50758E-04

 ============================>     TALLY 3     <============================

 Cell 1
   Total Material
     Delayed-Nu-Fission Rate              7.33525E-03    +/- 3.68047E-06

 ============================>     TALLY 4     <============================

 Cell 1
   Total Material
     Fission Rate                         0.404201       +/- 2.25497E-04

 ============================>     TALLY 5     <============================

 Cell 1
   Total Material
     Absorption Rate                      1.00166        +/- 4.10541E-04

 ============================>     TALLY 6     <============================

 Cell 1
   Total Material
     Scattering Rate                      28.7426        +/- 5.85780E-03

 ============================>     TALLY 7     <============================

 Cell 1
   Total Material
     Total Reaction Rate                  29.7443        +/- 6.10826E-03

 ============================>     TALLY 8     <============================

 Delayed Group 1
   Total Material
     Delayed-Nu-Fission Rate              2.25891E-04    +/- 1.25118E-07
 Delayed Group 2
   Total Material
     Delayed-Nu-Fission Rate              1.22589E-03    +/- 6.50769E-07
 Delayed Group 3
   Total Material
     Delayed-Nu-Fission Rate              1.20457E-03    +/- 6.25374E-07
 Delayed Group 4
   Total Material
     Delayed-Nu-Fission Rate              2.83474E-03    +/- 1.42311E-06
 Delayed Group 5
   Total Material
     Delayed-Nu-Fission Rate              1.30311E-03    +/- 6.16517E-07
 Delayed Group 6
   Total Material
     Delayed-Nu-Fission Rate              5.41041E-04    +/- 2.56891E-07
